build/app/outputs/mapping/release/mapping.txt
# compiler: R8
# compiler_version: 1.5.64
# min_api: 16
# pg_map_id: dc40152
...
androidx.fragment.app.Fragment$2 -> androidx.fragment.app.Fragment$2:
    androidx.fragment.app.Fragment this$0 -> a
    void onStateChanged(androidx.lifecycle.LifecycleOwner,androidx.lifecycle.Lifecycle$Event) -> a
androidx.fragment.app.Fragment$3 -> androidx.fragment.app.Fragment$b:
    androidx.fragment.app.Fragment this$0 -> a
androidx.fragment.app.Fragment$4 -> androidx.fragment.app.Fragment$c:
    androidx.fragment.app.Fragment this$0 -> a
    android.view.View onFindViewById(int) -> a
    boolean onHasView() -> b
androidx.fragment.app.Fragment$AnimationInfo -> androidx.fragment.app.Fragment$d:
    java.lang.Object mReenterTransition -> j
    java.lang.Object mSharedElementEnterTransition -> k
    java.lang.Object mReturnTransition -> h
    java.lang.Object mExitTransition -> i
    androidx.core.app.SharedElementCallback mEnterTransitionCallback -> o
    java.lang.Object mEnterTransition -> g
    androidx.core.app.SharedElementCallback mExitTransitionCallback -> p
    int mNextTransitionStyle -> f
    int mNextAnim -> d
    java.lang.Boolean mAllowReturnTransitionOverlap -> m
    int mNextTransition -> e
    java.lang.Boolean mAllowEnterTransitionOverlap -> n
    boolean mEnterTransitionPostponed -> q
    int mStateAfterAnimating -> c
    java.lang.Object mSharedElementReturnTransition -> l
    boolean mIsHideReplaced -> s
    androidx.fragment.app.Fragment$OnStartEnterTransitionListener mStartEnterTransitionListener -> r
    android.animation.Animator mAnimator -> b
    android.view.View mAnimatingAway -> a
androidx.fragment.app.Fragment$InstantiationException -> androidx.fragment.app.Fragment$e:
androidx.fragment.app.Fragment$OnStartEnterTransitionListener -> androidx.fragment.app.Fragment$f:
    void onStartEnterTransition() -> a
    void startListening() -> b
androidx.fragment.app.FragmentActivity -> androidx.fragment.app.d:
    androidx.fragment.app.FragmentController mFragments -> g
    boolean mStartedActivityFromFragment -> m
    int mNextCandidateRequestIndex -> n
    boolean mCreated -> i
    androidx.lifecycle.LifecycleRegistry mFragmentLifecycleRegistry -> h
    boolean mResumed -> j
    boolean mStopped -> k
    boolean mStartedIntentSenderFromFragment -> l
    androidx.collection.SparseArrayCompat mPendingFragmentActivityResults -> o
    void checkForValidRequestCode(int) -> a
    android.view.View dispatchFragmentsOnCreateView(android.view.View,java.lang.String,android.content.Context,android.util.AttributeSet) -> a
    boolean markState(androidx.fragment.app.FragmentManager,androidx.lifecycle.Lifecycle$State) -> a
    void onAttachFragment(androidx.fragment.app.Fragment) -> a
    boolean onPrepareOptionsPanel(android.view.View,android.view.Menu) -> a
    androidx.fragment.app.FragmentManager getSupportFragmentManager() -> e
    void onResumeFragments() -> g
    void supportInvalidateOptionsMenu() -> h
    void markFragmentsCreated() -> i
androidx.fragment.app.FragmentActivity$HostCallbacks -> androidx.fragment.app.d$a:
    androidx.fragment.app.FragmentActivity this$0 -> f
    androidx.lifecycle.ViewModelStore getViewModelStore() -> a
    void onAttachFragment(androidx.fragment.app.Fragment) -> a
    void onDump(java.lang.String,java.io.FileDescriptor,java.io.PrintWriter,java.lang.String[]) -> a
    android.view.View onFindViewById(int) -> a
    boolean onHasView() -> b
    boolean onShouldSaveFragmentState(androidx.fragment.app.Fragment) -> b
    androidx.lifecycle.Lifecycle getLifecycle() -> c
    androidx.activity.OnBackPressedDispatcher getOnBackPressedDispatcher() -> d
    androidx.fragment.app.FragmentActivity onGetHost() -> h
    java.lang.Object onGetHost() -> h
    android.view.LayoutInflater onGetLayoutInflater() -> i
    int onGetWindowAnimations() -> j
    boolean onHasWindowAnimations() -> k
    void onSupportInvalidateOptionsMenu() -> l